0 info it worked if it ends with ok
1 verbose cli [ 'c:\\Program Files\\nodejs\\node.exe',
1 verbose cli   'c:\\Program Files\\nodejs\\node_modules\\npm\\bin\\npm-cli.js',
1 verbose cli   'install',
1 verbose cli   'greensock-js',
1 verbose cli   '--save-dev' ]
2 info using npm@1.3.24
3 info using node@v0.10.25
4 verbose readDependencies using package.json deps
5 verbose cache add [ 'greensock-js', null ]
6 verbose cache add name=undefined spec="greensock-js" args=["greensock-js",null]
7 verbose parsed url { protocol: null,
7 verbose parsed url   slashes: null,
7 verbose parsed url   auth: null,
7 verbose parsed url   host: null,
7 verbose parsed url   port: null,
7 verbose parsed url   hostname: null,
7 verbose parsed url   hash: null,
7 verbose parsed url   search: null,
7 verbose parsed url   query: null,
7 verbose parsed url   pathname: 'greensock-js',
7 verbose parsed url   path: 'greensock-js',
7 verbose parsed url   href: 'greensock-js' }
8 silly lockFile 7da12c21-greensock-js greensock-js
9 verbose lock greensock-js C:\Users\vicente.y\AppData\Roaming\npm-cache\7da12c21-greensock-js.lock
10 silly lockFile 7da12c21-greensock-js greensock-js
11 silly lockFile 7da12c21-greensock-js greensock-js
12 verbose addNamed [ 'greensock-js', '' ]
13 verbose addNamed [ null, '*' ]
14 silly lockFile b057b625-greensock-js greensock-js@
15 verbose lock greensock-js@ C:\Users\vicente.y\AppData\Roaming\npm-cache\b057b625-greensock-js.lock
16 silly addNameRange { name: 'greensock-js', range: '*', hasData: false }
17 verbose url raw greensock-js
18 verbose url resolving [ 'https://registry.npmjs.org/', './greensock-js' ]
19 verbose url resolved https://registry.npmjs.org/greensock-js
20 info trying registry request attempt 1 at 09:23:39
21 http GET https://registry.npmjs.org/greensock-js
22 http 404 https://registry.npmjs.org/greensock-js
23 silly registry.get cb [ 404,
23 silly registry.get   { date: 'Mon, 17 Feb 2014 22:24:47 GMT',
23 silly registry.get     server: 'CouchDB/1.5.0 (Erlang OTP/R16B)',
23 silly registry.get     'content-type': 'application/json',
23 silly registry.get     via: '1.1 varnish',
23 silly registry.get     'cache-control': 'max-age=0',
23 silly registry.get     'content-length': '52',
23 silly registry.get     'accept-ranges': 'bytes',
23 silly registry.get     age: '0',
23 silly registry.get     'x-served-by': 'cache-v37-ASH, cache-ty68-TYO',
23 silly registry.get     'x-cache': 'MISS, MISS',
23 silly registry.get     'x-cache-hits': '0, 0',
23 silly registry.get     'x-timer': 'S1392675887.125324249,VS0,VS90,VE171,VE262',
23 silly registry.get     'keep-alive': 'timeout=10, max=50',
23 silly registry.get     connection: 'Keep-Alive' } ]
24 silly lockFile b057b625-greensock-js greensock-js@
25 silly lockFile b057b625-greensock-js greensock-js@
26 error 404 'greensock-js' is not in the npm registry.
26 error 404 You should bug the author to publish it
26 error 404 It was specified as a dependency of 'generator-lavender'
26 error 404
26 error 404 Maybe try 'npm search greensock'
26 error 404
26 error 404 Note that you can also install from a
26 error 404 tarball, folder, or http url, or git url.
27 error System Windows_NT 6.1.7601
28 error command "c:\\Program Files\\nodejs\\node.exe" "c:\\Program Files\\nodejs\\node_modules\\npm\\bin\\npm-cli.js" "install" "greensock-js" "--save-dev"
29 error cwd c:\chitchu\p\yeoman\generator-lavender
30 error node -v v0.10.25
31 error npm -v 1.3.24
32 error code E404
33 verbose exit [ 1, true ]
